#
# There is insufficient memory for the Java Runtime Environment to continue.
# Native memory allocation (mmap) failed to map 266338304 bytes for Failed to commit area from 0x0000000702600000 to 0x0000000712400000 of length 266338304.
# Possible reasons:
#   The system is out of physical RAM or swap space
#   The process is running with CompressedOops enabled, and the Java Heap may be blocking the growth of the native heap
# Possible solutions:
#   Reduce memory load on the system
#   Increase physical memory or swap space
#   Check if swap backing store is full
#   Decrease Java heap size (-Xmx/-Xms)
#   Decrease number of Java threads
#   Decrease Java thread stack sizes (-Xss)
#   Set larger code cache with -XX:ReservedCodeCacheSize=
# This output file may be truncated or incomplete.
#
#  Out of Memory Error (./src/hotspot/os/windows/os_windows.cpp:3387), pid=17260, tid=16056
#
# JRE version:  (11.0.14.1+1) (build )
# Java VM: OpenJDK 64-Bit Server VM (11.0.14.1+1, mixed mode, sharing, tiered, compressed oops, g1 gc, windows-amd64)
# No core dump will be written. Minidumps are not enabled by default on client versions of Windows
#

---------------  S U M M A R Y ------------

Command Line: 

Host: Intel(R) Core(TM) i5-9300H CPU @ 2.40GHz, 8 cores, 15G,  Windows 11 , 64 bit Build 22621 (10.0.22621.5124)
Time: Tue May 13 16:52:24 2025 W. Central Africa Standard Time elapsed time: 0.014153 seconds (0d 0h 0m 0s)

---------------  T H R E A D  ---------------

Current thread (0x000001df4448d800):  JavaThread "Unknown thread" [_thread_in_vm, id=16056, stack(0x0000009ea7600000,0x0000009ea7700000)]

Stack: [0x0000009ea7600000,0x0000009ea7700000]
Native frames: (J=compiled Java code, j=interpreted, Vv=VM code, C=native code)
V  [jvm.dll+0x61e59a]
V  [jvm.dll+0x7aaca9]
V  [jvm.dll+0x7ac398]
V  [jvm.dll+0x7aca73]
V  [jvm.dll+0x24f9b8]
V  [jvm.dll+0x61b83a]
V  [jvm.dll+0x6100c5]
V  [jvm.dll+0x30772c]
V  [jvm.dll+0x3075b2]
V  [jvm.dll+0x30c2d6]
V  [jvm.dll+0x35272f]
V  [jvm.dll+0x352160]
V  [jvm.dll+0x2e4728]
V  [jvm.dll+0x2e5886]
V  [jvm.dll+0x784b07]
V  [jvm.dll+0x78628f]
V  [jvm.dll+0x35f479]
V  [jvm.dll+0x767aa0]
V  [jvm.dll+0x3ccf1f]
V  [jvm.dll+0x3cf2b1]
C  [jli.dll+0x5207]
C  [ucrtbase.dll+0x29333]
C  [KERNEL32.DLL+0x1259d]
C  [ntdll.dll+0x5af38]


---------------  P R O C E S S  ---------------

Threads class SMR info:
_java_thread_list=0x000001df42346340, length=0, elements={
}

Java Threads: ( => current thread )

Other Threads:
  0x000001df444a4800 GCTaskThread "GC Thread#0" [stack: 0x0000009ea7700000,0x0000009ea7800000] [id=5992]
  0x000001df44502000 ConcurrentGCThread "G1 Main Marker" [stack: 0x0000009ea7800000,0x0000009ea7900000] [id=26600]
  0x000001df44503800 ConcurrentGCThread "G1 Conc#0" [stack: 0x0000009ea7900000,0x0000009ea7a00000] [id=4872]

[error occurred during error reporting (printing all threads), id 0xc0000005, EXCEPTION_ACCESS_VIOLATION (0xc0000005) at pc=0x00007ff966203ef7]

VM state:not at safepoint (not fully initialized)

VM Mutex/Monitor currently owned by a thread:  ([mutex/lock_event])
[0x000001df44488fb0] Heap_lock - owner thread: 0x000001df4448d800

Heap address: 0x0000000702600000, size: 4058 MB, Compressed Oops mode: Non-zero based: 0x0000000702600000
Narrow klass base: 0x0000000000000000, Narrow klass shift: 0

GC Heap History (0 events):
No events

Deoptimization events (0 events):
No events

Classes redefined (0 events):
No events

Internal exceptions (0 events):
No events

Events (1 events):
Event: 0.009 Loaded shared library C:\Program Files\Unity\Hub\Editor\2022.3.45f1\Editor\Data\PlaybackEngines\AndroidPlayer\OpenJDK\bin\zip.dll


Dynamic libraries:
0x00007ff7a3df0000 - 0x00007ff7a3dfd000 	C:\Program Files\Unity\Hub\Editor\2022.3.45f1\Editor\Data\PlaybackEngines\AndroidPlayer\OpenJDK\bin\java.exe
0x00007ffac6c90000 - 0x00007ffac6ea7000 	C:\WINDOWS\SYSTEM32\ntdll.dll
0x00007ffac5a50000 - 0x00007ffac5b14000 	C:\WINDOWS\System32\KERNEL32.DLL
0x00007ffac3e70000 - 0x00007ffac4243000 	C:\WINDOWS\System32\KERNELBASE.dll
0x00007ffac4790000 - 0x00007ffac48a1000 	C:\WINDOWS\System32\ucrtbase.dll
0x00007ffa578c0000 - 0x00007ffa578d7000 	C:\Program Files\Unity\Hub\Editor\2022.3.45f1\Editor\Data\PlaybackEngines\AndroidPlayer\OpenJDK\bin\jli.dll
0x00007ffac57e0000 - 0x00007ffac5991000 	C:\WINDOWS\System32\USER32.dll
0x00007ffa578a0000 - 0x00007ffa578b5000 	C:\Program Files\Unity\Hub\Editor\2022.3.45f1\Editor\Data\PlaybackEngines\AndroidPlayer\OpenJDK\bin\VCRUNTIME140.dll
0x00007ffac4760000 - 0x00007ffac4786000 	C:\WINDOWS\System32\win32u.dll
0x00007ffaab2a0000 - 0x00007ffaab538000 	C:\WINDOWS\WinSxS\amd64_microsoft.windows.common-controls_6595b64144ccf1df_6.0.22621.5124_none_270e8f4f7386d69d\COMCTL32.dll
0x00007ffac49a0000 - 0x00007ffac4a47000 	C:\WINDOWS\System32\msvcrt.dll
0x00007ffac5760000 - 0x00007ffac5789000 	C:\WINDOWS\System32\GDI32.dll
0x00007ffac45c0000 - 0x00007ffac46db000 	C:\WINDOWS\System32\gdi32full.dll
0x00007ffac3da0000 - 0x00007ffac3e3a000 	C:\WINDOWS\System32\msvcp_win.dll
0x00007ffac6750000 - 0x00007ffac6781000 	C:\WINDOWS\System32\IMM32.DLL
0x00007ff9d8f80000 - 0x00007ff9d901b000 	C:\Program Files\Unity\Hub\Editor\2022.3.45f1\Editor\Data\PlaybackEngines\AndroidPlayer\OpenJDK\bin\msvcp140.dll
0x00007ff965f10000 - 0x00007ff966a91000 	C:\Program Files\Unity\Hub\Editor\2022.3.45f1\Editor\Data\PlaybackEngines\AndroidPlayer\OpenJDK\bin\server\jvm.dll
0x00007ffac4c50000 - 0x00007ffac4d01000 	C:\WINDOWS\System32\ADVAPI32.dll
0x00007ffac6250000 - 0x00007ffac62f8000 	C:\WINDOWS\System32\sechost.dll
0x00007ffac3e40000 - 0x00007ffac3e68000 	C:\WINDOWS\System32\bcrypt.dll
0x00007ffac5640000 - 0x00007ffac5754000 	C:\WINDOWS\System32\RPCRT4.dll
0x00007ffac6240000 - 0x00007ffac6248000 	C:\WINDOWS\System32\PSAPI.DLL
0x00007ffabfad0000 - 0x00007ffabfad9000 	C:\WINDOWS\SYSTEM32\WSOCK32.dll
0x00007ffabcde0000 - 0x00007ffabce14000 	C:\WINDOWS\SYSTEM32\WINMM.dll
0x00007ffabe8f0000 - 0x00007ffabe8fa000 	C:\WINDOWS\SYSTEM32\VERSION.dll
0x00007ffac4bd0000 - 0x00007ffac4c41000 	C:\WINDOWS\System32\WS2_32.dll
0x00007ffac2e00000 - 0x00007ffac2e18000 	C:\WINDOWS\SYSTEM32\kernel.appcore.dll
0x00007ffa57980000 - 0x00007ffa57990000 	C:\Program Files\Unity\Hub\Editor\2022.3.45f1\Editor\Data\PlaybackEngines\AndroidPlayer\OpenJDK\bin\verify.dll
0x00007ffac1690000 - 0x00007ffac18c2000 	C:\WINDOWS\SYSTEM32\DBGHELP.DLL
0x00007ffac68a0000 - 0x00007ffac6c32000 	C:\WINDOWS\System32\combase.dll
0x00007ffac5b20000 - 0x00007ffac5bf7000 	C:\WINDOWS\System32\OLEAUT32.dll
0x00007ffa9ddc0000 - 0x00007ffa9ddf2000 	C:\WINDOWS\SYSTEM32\dbgcore.DLL
0x00007ffac48b0000 - 0x00007ffac492b000 	C:\WINDOWS\System32\bcryptPrimitives.dll
0x00007ff9edcd0000 - 0x00007ff9edcf8000 	C:\Program Files\Unity\Hub\Editor\2022.3.45f1\Editor\Data\PlaybackEngines\AndroidPlayer\OpenJDK\bin\java.dll
0x00007ff9eed50000 - 0x00007ff9eed5a000 	C:\Program Files\Unity\Hub\Editor\2022.3.45f1\Editor\Data\PlaybackEngines\AndroidPlayer\OpenJDK\bin\jimage.dll
0x00007ff9ec420000 - 0x00007ff9ec438000 	C:\Program Files\Unity\Hub\Editor\2022.3.45f1\Editor\Data\PlaybackEngines\AndroidPlayer\OpenJDK\bin\zip.dll

dbghelp: loaded successfully - version: 4.0.5 - missing functions: none
symbol engine: initialized successfully - sym options: 0x614 - pdb path: .;C:\Program Files\Unity\Hub\Editor\2022.3.45f1\Editor\Data\PlaybackEngines\AndroidPlayer\OpenJDK\bin;C:\WINDOWS\SYSTEM32;C:\WINDOWS\WinSxS\amd64_microsoft.windows.common-controls_6595b64144ccf1df_6.0.22621.5124_none_270e8f4f7386d69d;C:\Program Files\Unity\Hub\Editor\2022.3.45f1\Editor\Data\PlaybackEngines\AndroidPlayer\OpenJDK\bin\server

VM Arguments:
java_command: <unknown>
java_class_path (initial): <not set>
Launcher Type: SUN_STANDARD

[Global flags]
     intx CICompilerCount                          = 4                                         {product} {ergonomic}
     uint ConcGCThreads                            = 2                                         {product} {ergonomic}
     uint G1ConcRefinementThreads                  = 8                                         {product} {ergonomic}
   size_t G1HeapRegionSize                         = 1048576                                   {product} {ergonomic}
    uintx GCDrainStackTargetSize                   = 64                                        {product} {ergonomic}
   size_t InitialHeapSize                          = 266338304                                 {product} {ergonomic}
   size_t MarkStackSize                            = 4194304                                   {product} {ergonomic}
   size_t MaxHeapSize                              = 4255121408                                {product} {ergonomic}
   size_t MinHeapDeltaBytes                        = 1048576                                   {product} {ergonomic}
    uintx NonNMethodCodeHeapSize                   = 5836300                                {pd product} {ergonomic}
    uintx NonProfiledCodeHeapSize                  = 122910970                              {pd product} {ergonomic}
    uintx ProfiledCodeHeapSize                     = 122910970                              {pd product} {ergonomic}
    uintx ReservedCodeCacheSize                    = 251658240                              {pd product} {ergonomic}
     bool SegmentedCodeCache                       = true                                      {product} {ergonomic}
     bool UseCompressedClassPointers               = true                                 {lp64_product} {ergonomic}
     bool UseCompressedOops                        = true                                 {lp64_product} {ergonomic}
     bool UseG1GC                                  = true                                      {product} {ergonomic}
     bool UseLargePagesIndividualAllocation        = false                                  {pd product} {ergonomic}

Logging:
Log output configuration:
 #0: stdout all=warning uptime,level,tags
 #1: stderr all=off uptime,level,tags

Environment Variables:
PATH=C:\Program Files (x86)\Common Files\Oracle\Java\javapath;C:\WINDOWS\system32;C:\WINDOWS;C:\WINDOWS\System32\Wbem;C:\WINDOWS\System32\WindowsPowerShell\v1.0\;C:\WINDOWS\System32\OpenSSH\;C:\Program Files\NVIDIA Corporation\NVIDIA app\NvDLISR;C:\Program Files (x86)\Windows Kits\10\Windows Performance Toolkit\;C:\Program Files\Git\cmd;C:\Program Files\Git LFS;C:\Program Files\nodejs\;C:\Program Files (x86)\NVIDIA Corporation\PhysX\Common;C:\Users\caryl\AppData\Local\Microsoft\WindowsApps;C:\Users\caryl\AppData\Local\GitHubDesktop\bin;C:\Users\caryl\AppData\Local\Programs\Microsoft VS Code\bin;C:\Users\caryl\AppData\Roaming\npm
USERNAME=caryl
OS=Windows_NT
PROCESSOR_IDENTIFIER=Intel64 Family 6 Model 158 Stepping 10, GenuineIntel



---------------  S Y S T E M  ---------------

OS: Windows 11 , 64 bit Build 22621 (10.0.22621.5124)
OS uptime: 0 days 16:41 hours
Hyper-V role detected

CPU:total 8 (initial active 8) (4 cores per cpu, 2 threads per core) family 6 model 158 stepping 10 microcode 0xde, cmov, cx8, fxsr, mmx, sse, sse2, sse3, ssse3, sse4.1, sse4.2, popcnt, avx, avx2, aes, clmul, erms, 3dnowpref, lzcnt, ht, tsc, tscinvbit, bmi1, bmi2, adx, fma

Memory: 4k page, system-wide physical 16225M (329M free)
TotalPageFile size 29793M (AvailPageFile size 90M)
current process WorkingSet (physical memory assigned to process): 11M, peak: 11M
current process commit charge ("private bytes"): 61M, peak: 314M

vm_info: OpenJDK 64-Bit Server VM (11.0.14.1+1) for windows-amd64 JRE (11.0.14.1+1), built on Feb  9 2022 01:48:27 by "" with unknown MS VC++:1916

END.
